<?xml version="1.0" encoding="UTF-8"?>
<coverage generated="1768885775207" clover="3.2.0">
  <project timestamp="1768885775207" name="All files">
    <metrics statements="7" coveredstatements="7" conditionals="8" coveredconditionals="8" methods="2" coveredmethods="2" elements="17" coveredelements="17" complexity="0" loc="7" ncloc="7" packages="1" files="1" classes="1"/>
    <file name="home-screen.tsx" path="/Users/diogoangelim/Desktop/diet-tracking-app/components/home-screen.tsx">
      <metrics statements="7" coveredstatements="7" conditionals="8" coveredconditionals="8" methods="2" coveredmethods="2"/>
      <line num="3" count="1" type="stmt"/>
      <line num="12" count="1" type="stmt"/>
      <line num="13" count="3" type="stmt"/>
      <line num="15" count="3" type="cond" truecount="4" falsecount="0"/>
      <line num="16" count="3" type="cond" truecount="4" falsecount="0"/>
      <line num="18" count="3" type="stmt"/>
      <line num="48" count="9" type="stmt"/>
    </file>
  </project>
</coverage>
