{"/Users/diogoangelim/Desktop/diet-tracking-app/components/home-screen.tsx": {"path":"/Users/diogoangelim/Desktop/diet-tracking-app/components/home-screen.tsx","statementMap":{"0":{"start":{"line":12,"column":0},"end":{"line":12,"column":16}},"1":{"start":{"line":3,"column":0},"end":{"line":3,"column":47}},"2":{"start":{"line":13,"column":15},"end":{"line":13,"column":36}},"3":{"start":{"line":15,"column":4},"end":{"line":15,"column":78}},"4":{"start":{"line":16,"column":15},"end":{"line":16,"column":55}},"5":{"start":{"line":18,"column":2},"end":{"line":44,"column":4}},"6":{"start":{"line":48,"column":2},"end":{"line":53,"column":4}}},"fnMap":{"0":{"name":"HomeScreen","decl":{"start":{"line":12,"column":16},"end":{"line":12,"column":26}},"loc":{"start":{"line":12,"column":97},"end":{"line":45,"column":1}}},"1":{"name":"QuickStat","decl":{"start":{"line":47,"column":9},"end":{"line":47,"column":18}},"loc":{"start":{"line":47,"column":69},"end":{"line":54,"column":1}}}},"branchMap":{"0":{"loc":{"start":{"line":15,"column":4},"end":{"line":15,"column":78}},"type":"cond-expr","locations":[{"start":{"line":15,"column":16},"end":{"line":15,"column":30}},{"start":{"line":15,"column":33},"end":{"line":15,"column":78}}]},"1":{"loc":{"start":{"line":15,"column":33},"end":{"line":15,"column":78}},"type":"cond-expr","locations":[{"start":{"line":15,"column":45},"end":{"line":15,"column":61}},{"start":{"line":15,"column":64},"end":{"line":15,"column":78}}]},"2":{"loc":{"start":{"line":16,"column":15},"end":{"line":16,"column":55}},"type":"cond-expr","locations":[{"start":{"line":16,"column":27},"end":{"line":16,"column":30}},{"start":{"line":16,"column":33},"end":{"line":16,"column":55}}]},"3":{"loc":{"start":{"line":16,"column":33},"end":{"line":16,"column":55}},"type":"cond-expr","locations":[{"start":{"line":16,"column":45},"end":{"line":16,"column":48}},{"start":{"line":16,"column":51},"end":{"line":16,"column":55}}]}},"s":{"0":1,"1":1,"2":3,"3":3,"4":3,"5":3,"6":9},"f":{"0":3,"1":9},"b":{"0":[1,2],"1":[1,1],"2":[1,2],"3":[1,1]}}
}
